----------------------------------------
Timestamp: 7/24/2016 2:18:00 AM

Message: HandlingInstanceID: 2c281734-d5c7-4bbb-9bf2-68e9b9b6381d
An exception of type 'System.NullReferenceException' occurred and was caught.
-----------------------------------------------------------------------------
07/24/2016 12:18:00
Type : System.NullReferenceException, mscorlib, Version=4.0.0.0, Culture=neutral, PublicKeyToken=b77a5c561934e089
Message : Object reference not set to an instance of an object.
Source : Telerik.Sitefinity
Help link : 
Data : System.Collections.ListDictionaryInternal
TargetSite : Void VerifySectionRegistered(System.Type, System.String)
HResult : -2147467261
Stack Trace :    at Telerik.Sitefinity.Configuration.Config.VerifySectionRegistered(Type sectionType, String sectionName)
   at Telerik.Sitefinity.Configuration.Config.GetSectionInternal(Type sectionType, Boolean safeMode, String sectionName)
   at Telerik.Sitefinity.Configuration.Config.GetSectionPrivate(Type sectionType, Boolean safeMode, String sectionName)
   at Telerik.Sitefinity.Configuration.Config.GetSectionPrivate[TSection](Boolean safeMode)
   at Telerik.Sitefinity.Localization.ResourceManager.get_ProvidersSettings()
   at Telerik.Sitefinity.Data.ManagerBase`1.GetProvidersSettings()
   at Telerik.Sitefinity.Data.ManagerBase`1.Initialize()

Additional Info:

MachineName : TIJUGUDDY
TimeStamp : 7/24/2016 2:18:00 AM
FullName : Telerik.Sitefinity.Utilities, Version=9.1.6110.0, Culture=neutral, PublicKeyToken=b28c218413bdf563
AppDomainName : 27180d02-1-131138002403863816
ThreadIdentity : TIJUGUDDY\Tiju
WindowsIdentity : TIJUGUDDY\Tiju


Category: ErrorLog

Priority: 0

EventId: 90030

Severity: Error

Title:Enterprise Library Exception Handling

Machine: TIJUGUDDY

App Domain: 27180d02-1-131138002403863816

ProcessId: 9272

Process Name: C:\Program Files (x86)\Microsoft Visual Studio 14.0\Common7\IDE\Microsoft.VisualStudio.Web.Host.exe

Thread Name: 

Win32 ThreadId:8948

Extended Properties: 
----------------------------------------
