----------------------------------------
Timestamp: 7/24/2016 1:33:14 AM

Message: Shutting down threadpool...


----------------------------------------
----------------------------------------
Timestamp: 7/24/2016 1:33:14 AM

Message: Thread pool 'BackgroundTasksService': Shutdown of thread pool completed. All currently running threads will finish their work and stop.


----------------------------------------
----------------------------------------
Timestamp: 7/24/2016 1:33:14 AM

Message: WorkerThread is shut down


----------------------------------------
----------------------------------------
Timestamp: 7/24/2016 1:33:14 AM

Message: WorkerThread is shut down


----------------------------------------
----------------------------------------
Timestamp: 7/24/2016 1:33:14 AM

Message: Background task scheduler shut down


----------------------------------------
----------------------------------------
Timestamp: 7/24/2016 1:33:14 AM

Message: WorkerThread is shut down


----------------------------------------
----------------------------------------
Timestamp: 7/24/2016 1:33:14 AM

Message: WorkerThread is shut down


----------------------------------------
----------------------------------------
Timestamp: 7/24/2016 1:33:44 AM

Message: Shutting down threadpool...


----------------------------------------
----------------------------------------
Timestamp: 7/24/2016 1:33:44 AM

Message: Thread pool 'BackgroundTasksService': Shutdown of thread pool completed. Threads aborted.


----------------------------------------
