----------------------------------------
Timestamp: 7/22/2016 12:32:41 PM

Message: HandlingInstanceID: 49c39959-5420-4431-98d5-016ab74b5f02
An exception of type 'System.NullReferenceException' occurred and was caught.
-----------------------------------------------------------------------------
07/22/2016 22:32:41
Type : System.NullReferenceException, mscorlib, Version=4.0.0.0, Culture=neutral, PublicKeyToken=b77a5c561934e089
Message : Object reference not set to an instance of an object.
Source : Telerik.Sitefinity
Help link : 
Data : System.Collections.ListDictionaryInternal
TargetSite : Void VerifySectionRegistered(System.Type, System.String)
HResult : -2147467261
Stack Trace :    at Telerik.Sitefinity.Configuration.Config.VerifySectionRegistered(Type sectionType, String sectionName)
   at Telerik.Sitefinity.Configuration.Config.GetSectionInternal(Type sectionType, Boolean safeMode, String sectionName)
   at Telerik.Sitefinity.Configuration.Config.GetSectionPrivate(Type sectionType, Boolean safeMode, String sectionName)
   at Telerik.Sitefinity.Configuration.Config.GetSectionPrivate[TSection](Boolean safeMode)
   at Telerik.Sitefinity.Localization.ResourceManager.get_ProvidersSettings()
   at Telerik.Sitefinity.Data.ManagerBase`1.GetProvidersSettings()
   at Telerik.Sitefinity.Data.ManagerBase`1.Initialize()

Additional Info:

MachineName : TIJUGUDDY
TimeStamp : 7/22/2016 12:32:41 PM
FullName : Telerik.Sitefinity.Utilities, Version=9.1.6110.0, Culture=neutral, PublicKeyToken=b28c218413bdf563
AppDomainName : 27180d02-1-131136643178556224
ThreadIdentity : TIJUGUDDY\Tiju
WindowsIdentity : TIJUGUDDY\Tiju


Category: ErrorLog

Priority: 0

EventId: 90030

Severity: Error

Title:Enterprise Library Exception Handling

Machine: TIJUGUDDY

App Domain: 27180d02-1-131136643178556224

ProcessId: 6700

Process Name: C:\Program Files (x86)\Microsoft Visual Studio 14.0\Common7\IDE\Microsoft.VisualStudio.Web.Host.exe

Thread Name: 

Win32 ThreadId:6772

Extended Properties: 
----------------------------------------
