----------------------------------------
Timestamp: 7/22/2016 11:26:42 AM

Message: Shutting down threadpool...


----------------------------------------
----------------------------------------
Timestamp: 7/22/2016 11:26:42 AM

Message: Thread pool 'BackgroundTasksService': Shutdown of thread pool completed. All currently running threads will finish their work and stop.


----------------------------------------
----------------------------------------
Timestamp: 7/22/2016 11:26:43 AM

Message: WorkerThread is shut down


----------------------------------------
----------------------------------------
Timestamp: 7/22/2016 11:26:43 AM

Message: WorkerThread is shut down


----------------------------------------
----------------------------------------
Timestamp: 7/22/2016 11:26:43 AM

Message: Background task scheduler shut down


----------------------------------------
----------------------------------------
Timestamp: 7/22/2016 11:26:43 AM

Message: WorkerThread is shut down


----------------------------------------
----------------------------------------
Timestamp: 7/22/2016 11:26:43 AM

Message: WorkerThread is shut down


----------------------------------------
----------------------------------------
Timestamp: 7/22/2016 11:27:12 AM

Message: Shutting down threadpool...


----------------------------------------
----------------------------------------
Timestamp: 7/22/2016 11:27:12 AM

Message: Thread pool 'BackgroundTasksService': Shutdown of thread pool completed. Threads aborted.


----------------------------------------
