----------------------------------------
Timestamp: 7/24/2016 12:23:05 AM

Message: HandlingInstanceID: 1b8d3dff-caf7-4c55-a421-c5ce6a48e90c
An exception of type 'System.Web.HttpException' occurred and was caught.
------------------------------------------------------------------------
07/24/2016 10:23:05
Type : System.Web.HttpException, System.Web, Version=4.0.0.0, Culture=neutral, PublicKeyToken=b03f5f7f11d50a3a
Message : File does not exist.
Source : System.Web
Help link : 
WebEventCode : 0
ErrorCode : -2147467259
Data : System.Collections.ListDictionaryInternal
TargetSite : Boolean ProcessRequestForNonMapPathBasedVirtualFile(System.Web.HttpRequest, System.Web.HttpResponse, System.String)
HResult : -2147467259
Stack Trace :    at System.Web.StaticFileHandler.ProcessRequestForNonMapPathBasedVirtualFile(HttpRequest request, HttpResponse response, String overrideVirtualPath)
   at System.Web.StaticFileHandler.ProcessRequestInternal(HttpContext context, String overrideVirtualPath)
   at System.Web.DefaultHttpHandler.BeginProcessRequest(HttpContext context, AsyncCallback callback, Object state)
   at System.Web.HttpApplication.CallHandlerExecutionStep.System.Web.HttpApplication.IExecutionStep.Execute()
   at System.Web.HttpApplication.ExecuteStep(IExecutionStep step, Boolean& completedSynchronously)

Additional Info:

MachineName : TIJUGUDDY
TimeStamp : 7/24/2016 12:23:05 AM
FullName : Telerik.Sitefinity.Utilities, Version=9.1.6110.0, Culture=neutral, PublicKeyToken=b28c218413bdf563
AppDomainName : a74094a1-1-131137932076579730
ThreadIdentity : 
WindowsIdentity : TIJUGUDDY\Tiju
Requested URL : http://localhost:47771/FCEmailNotification/appstatus?count=1


Category: ErrorLog

Priority: 0

EventId: 90000

Severity: Error

Title:Enterprise Library Exception Handling

Machine: TIJUGUDDY

App Domain: a74094a1-1-131137932076579730

ProcessId: 8188

Process Name: C:\Program Files (x86)\Progress\Sitefinity\SitefinityCMS.exe

Thread Name: 

Win32 ThreadId:9088

Extended Properties: 
----------------------------------------
----------------------------------------
Timestamp: 7/24/2016 1:39:00 AM

Message: HandlingInstanceID: 5b5a9781-8b34-4b75-aab4-aa5e7039561b
An exception of type 'System.Web.HttpException' occurred and was caught.
------------------------------------------------------------------------
07/24/2016 11:39:00
Type : System.Web.HttpException, System.Web, Version=4.0.0.0, Culture=neutral, PublicKeyToken=b03f5f7f11d50a3a
Message : File does not exist.
Source : System.Web
Help link : 
WebEventCode : 0
ErrorCode : -2147467259
Data : System.Collections.ListDictionaryInternal
TargetSite : Boolean ProcessRequestForNonMapPathBasedVirtualFile(System.Web.HttpRequest, System.Web.HttpResponse, System.String)
HResult : -2147467259
Stack Trace :    at System.Web.StaticFileHandler.ProcessRequestForNonMapPathBasedVirtualFile(HttpRequest request, HttpResponse response, String overrideVirtualPath)
   at System.Web.StaticFileHandler.ProcessRequestInternal(HttpContext context, String overrideVirtualPath)
   at System.Web.DefaultHttpHandler.BeginProcessRequest(HttpContext context, AsyncCallback callback, Object state)
   at System.Web.HttpApplication.CallHandlerExecutionStep.System.Web.HttpApplication.IExecutionStep.Execute()
   at System.Web.HttpApplication.ExecuteStep(IExecutionStep step, Boolean& completedSynchronously)

Additional Info:

MachineName : TIJUGUDDY
TimeStamp : 7/24/2016 1:39:00 AM
FullName : Telerik.Sitefinity.Utilities, Version=9.1.6110.0, Culture=neutral, PublicKeyToken=b28c218413bdf563
AppDomainName : a74094a1-2-131137978572890917
ThreadIdentity : admin
WindowsIdentity : TIJUGUDDY\Tiju
Requested URL : http://localhost:47771/FCEmailNotification/appstatus?count=1


Category: ErrorLog

Priority: 0

EventId: 90000

Severity: Error

Title:Enterprise Library Exception Handling

Machine: TIJUGUDDY

App Domain: a74094a1-2-131137978572890917

ProcessId: 8188

Process Name: C:\Program Files (x86)\Progress\Sitefinity\SitefinityCMS.exe

Thread Name: 

Win32 ThreadId:8316

Extended Properties: 
----------------------------------------
----------------------------------------
Timestamp: 7/24/2016 2:07:06 AM

Message: HandlingInstanceID: c7e31a29-9258-4fae-9c0b-beec37ed0aca
An exception of type 'System.Web.HttpException' occurred and was caught.
------------------------------------------------------------------------
07/24/2016 12:07:06
Type : System.Web.HttpException, System.Web, Version=4.0.0.0, Culture=neutral, PublicKeyToken=b03f5f7f11d50a3a
Message : File does not exist.
Source : System.Web
Help link : 
WebEventCode : 0
ErrorCode : -2147467259
Data : System.Collections.ListDictionaryInternal
TargetSite : Boolean ProcessRequestForNonMapPathBasedVirtualFile(System.Web.HttpRequest, System.Web.HttpResponse, System.String)
HResult : -2147467259
Stack Trace :    at System.Web.StaticFileHandler.ProcessRequestForNonMapPathBasedVirtualFile(HttpRequest request, HttpResponse response, String overrideVirtualPath)
   at System.Web.StaticFileHandler.ProcessRequestInternal(HttpContext context, String overrideVirtualPath)
   at System.Web.DefaultHttpHandler.BeginProcessRequest(HttpContext context, AsyncCallback callback, Object state)
   at System.Web.HttpApplication.CallHandlerExecutionStep.System.Web.HttpApplication.IExecutionStep.Execute()
   at System.Web.HttpApplication.ExecuteStep(IExecutionStep step, Boolean& completedSynchronously)

Additional Info:

MachineName : TIJUGUDDY
TimeStamp : 7/24/2016 2:07:06 AM
FullName : Telerik.Sitefinity.Utilities, Version=9.1.6110.0, Culture=neutral, PublicKeyToken=b28c218413bdf563
AppDomainName : a74094a1-3-131137995167166816
ThreadIdentity : admin
WindowsIdentity : TIJUGUDDY\Tiju
Requested URL : http://localhost:47771/FCEmailNotification/appstatus?count=1


Category: ErrorLog

Priority: 0

EventId: 90000

Severity: Error

Title:Enterprise Library Exception Handling

Machine: TIJUGUDDY

App Domain: a74094a1-3-131137995167166816

ProcessId: 8188

Process Name: C:\Program Files (x86)\Progress\Sitefinity\SitefinityCMS.exe

Thread Name: 

Win32 ThreadId:1992

Extended Properties: 
----------------------------------------
----------------------------------------
Timestamp: 7/24/2016 3:11:16 AM

Message: HandlingInstanceID: 88c03b93-9dad-4784-9119-12f1c01279b5
An exception of type 'System.Web.HttpException' occurred and was caught.
------------------------------------------------------------------------
07/24/2016 13:11:16
Type : System.Web.HttpException, System.Web, Version=4.0.0.0, Culture=neutral, PublicKeyToken=b03f5f7f11d50a3a
Message : File does not exist.
Source : System.Web
Help link : 
WebEventCode : 0
ErrorCode : -2147467259
Data : System.Collections.ListDictionaryInternal
TargetSite : Boolean ProcessRequestForNonMapPathBasedVirtualFile(System.Web.HttpRequest, System.Web.HttpResponse, System.String)
HResult : -2147467259
Stack Trace :    at System.Web.StaticFileHandler.ProcessRequestForNonMapPathBasedVirtualFile(HttpRequest request, HttpResponse response, String overrideVirtualPath)
   at System.Web.StaticFileHandler.ProcessRequestInternal(HttpContext context, String overrideVirtualPath)
   at System.Web.DefaultHttpHandler.BeginProcessRequest(HttpContext context, AsyncCallback callback, Object state)
   at System.Web.HttpApplication.CallHandlerExecutionStep.System.Web.HttpApplication.IExecutionStep.Execute()
   at System.Web.HttpApplication.ExecuteStep(IExecutionStep step, Boolean& completedSynchronously)

Additional Info:

MachineName : TIJUGUDDY
TimeStamp : 7/24/2016 3:11:16 AM
FullName : Telerik.Sitefinity.Utilities, Version=9.1.6110.0, Culture=neutral, PublicKeyToken=b28c218413bdf563
AppDomainName : a74094a1-4-131138033900471698
ThreadIdentity : admin
WindowsIdentity : TIJUGUDDY\Tiju
Requested URL : http://localhost:47771/FCEmailNotification/appstatus?count=1


Category: ErrorLog

Priority: 0

EventId: 90000

Severity: Error

Title:Enterprise Library Exception Handling

Machine: TIJUGUDDY

App Domain: a74094a1-4-131138033900471698

ProcessId: 8188

Process Name: C:\Program Files (x86)\Progress\Sitefinity\SitefinityCMS.exe

Thread Name: 

Win32 ThreadId:6956

Extended Properties: 
----------------------------------------
----------------------------------------
Timestamp: 7/24/2016 3:35:01 AM

Message: HandlingInstanceID: 6a141ffa-d4d2-4dfa-92bf-b94b562b035c
An exception of type 'System.Reflection.TargetInvocationException' occurred and was caught.
-------------------------------------------------------------------------------------------
07/24/2016 13:35:01
Type : System.Reflection.TargetInvocationException, mscorlib, Version=4.0.0.0, Culture=neutral, PublicKeyToken=b77a5c561934e089
Message : Property accessor 'Subject' on object 'SitefinityWebApp.Forms.customForm' threw the following exception:'Id cannot be Empty Guid'
Source : System
Help link : 
Data : System.Collections.ListDictionaryInternal
TargetSite : System.Object GetValue(System.Object)
HResult : -2146232828
Stack Trace :    at System.ComponentModel.ReflectPropertyDescriptor.GetValue(Object component)
   at Telerik.Sitefinity.Modules.Pages.PropertyPersisters.ObjectDataUtility.GetPropertyValue(PropertyDescriptor descriptor, Object component)

Additional Info:

MachineName : TIJUGUDDY
TimeStamp : 7/24/2016 3:35:01 AM
FullName : Telerik.Sitefinity.Utilities, Version=9.1.6110.0, Culture=neutral, PublicKeyToken=b28c218413bdf563
AppDomainName : a74094a1-4-131138033900471698
ThreadIdentity : 
WindowsIdentity : TIJUGUDDY\Tiju
Requested URL : http://localhost:47771/FCEmailNotification/Sitefinity/Services/Pages/ControlPropertyService.svc/batch/65499281-ea4a-6553-b191-ff0000466815/?pageId=06499281-ea4a-6553-b191-ff0000466815&mediaType=Page&checkLiveVersion=False&upgradePageVersion=False&propertyLocalization=0&isOpenedByBrowseAndEdit=false
	Inner Exception
	---------------
	Type : System.ArgumentException, mscorlib, Version=4.0.0.0, Culture=neutral, PublicKeyToken=b77a5c561934e089
	Message : Id cannot be Empty Guid
	Source : Unity_ILEmit_DynamicClasses
	Help link : 
	ParamName : 
	Data : System.Collections.ListDictionaryInternal
	TargetSite : Telerik.Sitefinity.Forms.Model.FormDescription GetForm(System.Guid)
	HResult : -2147024809
	Stack Trace :    at DynamicModule.ns.Wrapped_OpenAccessFormsProvider_4ff92c25e9d94a4692d0548c5193c45c.GetForm(Guid formId)
	   at Telerik.Sitefinity.Modules.Forms.FormsManager.GetForm(Guid formId)
	   at SitefinityWebApp.Forms.customForm.get_Subject() in C:\Users\Tiju\Documents\GitHub\Progress_test2\FCEmailNotification\Forms\customForm.cs:line 63



Category: ErrorLog

Priority: 0

EventId: 9010

Severity: Warning

Title:Enterprise Library Exception Handling

Machine: TIJUGUDDY

App Domain: a74094a1-4-131138033900471698

ProcessId: 8188

Process Name: C:\Program Files (x86)\Progress\Sitefinity\SitefinityCMS.exe

Thread Name: 

Win32 ThreadId:10288

Extended Properties: 
----------------------------------------
----------------------------------------
Timestamp: 7/24/2016 3:47:54 AM

Message: HandlingInstanceID: b155ae13-2beb-4117-8aa8-e41e292edee3
An exception of type 'System.Reflection.TargetInvocationException' occurred and was caught.
-------------------------------------------------------------------------------------------
07/24/2016 13:47:54
Type : System.Reflection.TargetInvocationException, mscorlib, Version=4.0.0.0, Culture=neutral, PublicKeyToken=b77a5c561934e089
Message : Property accessor 'Subject' on object 'SitefinityWebApp.Forms.customForm' threw the following exception:'Id cannot be Empty Guid'
Source : System
Help link : 
Data : System.Collections.ListDictionaryInternal
TargetSite : System.Object GetValue(System.Object)
HResult : -2146232828
Stack Trace :    at System.ComponentModel.ReflectPropertyDescriptor.GetValue(Object component)
   at Telerik.Sitefinity.Modules.Pages.PropertyPersisters.ObjectDataUtility.GetPropertyValue(PropertyDescriptor descriptor, Object component)

Additional Info:

MachineName : TIJUGUDDY
TimeStamp : 7/24/2016 3:47:54 AM
FullName : Telerik.Sitefinity.Utilities, Version=9.1.6110.0, Culture=neutral, PublicKeyToken=b28c218413bdf563
AppDomainName : a74094a1-4-131138033900471698
ThreadIdentity : 
WindowsIdentity : TIJUGUDDY\Tiju
Requested URL : http://localhost:47771/FCEmailNotification/Sitefinity/Services/Pages/ControlPropertyService.svc/batch/fb499281-ea4a-6553-b191-ff0000466815/?pageId=06499281-ea4a-6553-b191-ff0000466815&mediaType=Page&checkLiveVersion=False&upgradePageVersion=False&propertyLocalization=0&isOpenedByBrowseAndEdit=false
	Inner Exception
	---------------
	Type : System.ArgumentException, mscorlib, Version=4.0.0.0, Culture=neutral, PublicKeyToken=b77a5c561934e089
	Message : Id cannot be Empty Guid
	Source : Unity_ILEmit_DynamicClasses
	Help link : 
	ParamName : 
	Data : System.Collections.ListDictionaryInternal
	TargetSite : Telerik.Sitefinity.Forms.Model.FormDescription GetForm(System.Guid)
	HResult : -2147024809
	Stack Trace :    at DynamicModule.ns.Wrapped_OpenAccessFormsProvider_4ff92c25e9d94a4692d0548c5193c45c.GetForm(Guid formId)
	   at Telerik.Sitefinity.Modules.Forms.FormsManager.GetForm(Guid formId)
	   at SitefinityWebApp.Forms.customForm.get_Subject() in C:\Users\Tiju\Documents\GitHub\Progress_test2\FCEmailNotification\Forms\customForm.cs:line 63



Category: ErrorLog

Priority: 0

EventId: 9010

Severity: Warning

Title:Enterprise Library Exception Handling

Machine: TIJUGUDDY

App Domain: a74094a1-4-131138033900471698

ProcessId: 8188

Process Name: C:\Program Files (x86)\Progress\Sitefinity\SitefinityCMS.exe

Thread Name: 

Win32 ThreadId:9708

Extended Properties: 
----------------------------------------
----------------------------------------
Timestamp: 7/24/2016 4:11:57 AM

Message: HandlingInstanceID: 16eae760-2e03-41f0-ad52-8e7a9cea8d42
An exception of type 'System.Web.HttpException' occurred and was caught.
------------------------------------------------------------------------
07/24/2016 14:11:57
Type : System.Web.HttpException, System.Web, Version=4.0.0.0, Culture=neutral, PublicKeyToken=b03f5f7f11d50a3a
Message : File does not exist.
Source : System.Web
Help link : 
WebEventCode : 0
ErrorCode : -2147467259
Data : System.Collections.ListDictionaryInternal
TargetSite : Boolean ProcessRequestForNonMapPathBasedVirtualFile(System.Web.HttpRequest, System.Web.HttpResponse, System.String)
HResult : -2147467259
Stack Trace :    at System.Web.StaticFileHandler.ProcessRequestForNonMapPathBasedVirtualFile(HttpRequest request, HttpResponse response, String overrideVirtualPath)
   at System.Web.StaticFileHandler.ProcessRequestInternal(HttpContext context, String overrideVirtualPath)
   at System.Web.DefaultHttpHandler.BeginProcessRequest(HttpContext context, AsyncCallback callback, Object state)
   at System.Web.HttpApplication.CallHandlerExecutionStep.System.Web.HttpApplication.IExecutionStep.Execute()
   at System.Web.HttpApplication.ExecuteStep(IExecutionStep step, Boolean& completedSynchronously)

Additional Info:

MachineName : TIJUGUDDY
TimeStamp : 7/24/2016 4:11:57 AM
FullName : Telerik.Sitefinity.Utilities, Version=9.1.6110.0, Culture=neutral, PublicKeyToken=b28c218413bdf563
AppDomainName : a74094a1-5-131138070287296335
ThreadIdentity : admin
WindowsIdentity : TIJUGUDDY\Tiju
Requested URL : http://localhost:47771/FCEmailNotification/appstatus?count=1


Category: ErrorLog

Priority: 0

EventId: 90000

Severity: Error

Title:Enterprise Library Exception Handling

Machine: TIJUGUDDY

App Domain: a74094a1-5-131138070287296335

ProcessId: 8188

Process Name: C:\Program Files (x86)\Progress\Sitefinity\SitefinityCMS.exe

Thread Name: 

Win32 ThreadId:10808

Extended Properties: 
----------------------------------------
----------------------------------------
Timestamp: 7/24/2016 4:40:09 AM

Message: HandlingInstanceID: 96ee467e-d2e6-465c-bd17-80baf98f23c4
An exception of type 'System.Web.HttpException' occurred and was caught.
------------------------------------------------------------------------
07/24/2016 14:40:09
Type : System.Web.HttpException, System.Web, Version=4.0.0.0, Culture=neutral, PublicKeyToken=b03f5f7f11d50a3a
Message : File does not exist.
Source : System.Web
Help link : 
WebEventCode : 0
ErrorCode : -2147467259
Data : System.Collections.ListDictionaryInternal
TargetSite : Boolean ProcessRequestForNonMapPathBasedVirtualFile(System.Web.HttpRequest, System.Web.HttpResponse, System.String)
HResult : -2147467259
Stack Trace :    at System.Web.StaticFileHandler.ProcessRequestForNonMapPathBasedVirtualFile(HttpRequest request, HttpResponse response, String overrideVirtualPath)
   at System.Web.StaticFileHandler.ProcessRequestInternal(HttpContext context, String overrideVirtualPath)
   at System.Web.DefaultHttpHandler.BeginProcessRequest(HttpContext context, AsyncCallback callback, Object state)
   at System.Web.HttpApplication.CallHandlerExecutionStep.System.Web.HttpApplication.IExecutionStep.Execute()
   at System.Web.HttpApplication.ExecuteStep(IExecutionStep step, Boolean& completedSynchronously)

Additional Info:

MachineName : TIJUGUDDY
TimeStamp : 7/24/2016 4:40:09 AM
FullName : Telerik.Sitefinity.Utilities, Version=9.1.6110.0, Culture=neutral, PublicKeyToken=b28c218413bdf563
AppDomainName : a74094a1-6-131138087264794088
ThreadIdentity : admin
WindowsIdentity : TIJUGUDDY\Tiju
Requested URL : http://localhost:47771/FCEmailNotification/appstatus?count=1


Category: ErrorLog

Priority: 0

EventId: 90000

Severity: Error

Title:Enterprise Library Exception Handling

Machine: TIJUGUDDY

App Domain: a74094a1-6-131138087264794088

ProcessId: 8188

Process Name: C:\Program Files (x86)\Progress\Sitefinity\SitefinityCMS.exe

Thread Name: 

Win32 ThreadId:5980

Extended Properties: 
----------------------------------------
----------------------------------------
Timestamp: 7/24/2016 5:09:24 AM

Message: HandlingInstanceID: c469d5bb-49e4-4ffc-9037-b759595c3ec4
An exception of type 'System.Web.HttpException' occurred and was caught.
------------------------------------------------------------------------
07/24/2016 15:09:24
Type : System.Web.HttpException, System.Web, Version=4.0.0.0, Culture=neutral, PublicKeyToken=b03f5f7f11d50a3a
Message : Unable to find control with id 'TextBox1' that is associated with the Label 'titleLabel'.
Source : System.Web
Help link : 
WebEventCode : 0
ErrorCode : -2147467259
Data : System.Collections.ListDictionaryInternal
TargetSite : Void AddAttributesToRender(System.Web.UI.HtmlTextWriter)
HResult : -2147467259
Stack Trace :    at System.Web.UI.WebControls.Label.AddAttributesToRender(HtmlTextWriter writer)
   at System.Web.UI.WebControls.WebControl.RenderBeginTag(HtmlTextWriter writer)
   at System.Web.UI.WebControls.WebControl.Render(HtmlTextWriter writer)
   at System.Web.UI.Control.RenderControlInternal(HtmlTextWriter writer, ControlAdapter adapter)
   at System.Web.UI.Control.RenderControl(HtmlTextWriter writer, ControlAdapter adapter)
   at System.Web.UI.Control.RenderControl(HtmlTextWriter writer)
   at System.Web.UI.Control.RenderChildrenInternal(HtmlTextWriter writer, ICollection children)
   at System.Web.UI.Control.RenderChildren(HtmlTextWriter writer)
   at System.Web.UI.Control.Render(HtmlTextWriter writer)
   at System.Web.UI.Control.RenderControlInternal(HtmlTextWriter writer, ControlAdapter adapter)
   at System.Web.UI.Control.RenderControl(HtmlTextWriter writer, ControlAdapter adapter)
   at System.Web.UI.Control.RenderControl(HtmlTextWriter writer)
   at System.Web.UI.Control.RenderChildrenInternal(HtmlTextWriter writer, ICollection children)
   at System.Web.UI.Control.RenderChildren(HtmlTextWriter writer)
   at System.Web.UI.Control.Render(HtmlTextWriter writer)
   at System.Web.UI.Control.RenderControlInternal(HtmlTextWriter writer, ControlAdapter adapter)
   at System.Web.UI.Control.RenderControl(HtmlTextWriter writer, ControlAdapter adapter)
   at System.Web.UI.Control.RenderControl(HtmlTextWriter writer)
   at System.Web.UI.Control.RenderChildrenInternal(HtmlTextWriter writer, ICollection children)
   at System.Web.UI.Control.RenderChildren(HtmlTextWriter writer)
   at System.Web.UI.WebControls.WebControl.RenderContents(HtmlTextWriter writer)
   at System.Web.UI.WebControls.WebControl.Render(HtmlTextWriter writer)
   at Telerik.Sitefinity.Web.UI.SimpleScriptView.Render(HtmlTextWriter writer)
   at System.Web.UI.Control.RenderControlInternal(HtmlTextWriter writer, ControlAdapter adapter)
   at System.Web.UI.Control.RenderControl(HtmlTextWriter writer, ControlAdapter adapter)
   at System.Web.UI.Control.RenderControl(HtmlTextWriter writer)
   at System.Web.UI.Control.RenderChildrenInternal(HtmlTextWriter writer, ICollection children)
   at System.Web.UI.Control.RenderChildren(HtmlTextWriter writer)
   at System.Web.UI.Control.Render(HtmlTextWriter writer)
   at System.Web.UI.Control.RenderControlInternal(HtmlTextWriter writer, ControlAdapter adapter)
   at System.Web.UI.Control.RenderControl(HtmlTextWriter writer, ControlAdapter adapter)
   at System.Web.UI.Control.RenderControl(HtmlTextWriter writer)
   at System.Web.UI.Control.RenderChildrenInternal(HtmlTextWriter writer, ICollection children)
   at System.Web.UI.Control.RenderChildren(HtmlTextWriter writer)
   at System.Web.UI.WebControls.WebControl.RenderContents(HtmlTextWriter writer)
   at System.Web.UI.WebControls.WebControl.Render(HtmlTextWriter writer)
   at System.Web.UI.Control.RenderControlInternal(HtmlTextWriter writer, ControlAdapter adapter)
   at System.Web.UI.Control.RenderControl(HtmlTextWriter writer, ControlAdapter adapter)
   at System.Web.UI.Control.RenderControl(HtmlTextWriter writer)
   at System.Web.UI.Control.RenderChildrenInternal(HtmlTextWriter writer, ICollection children)
   at System.Web.UI.Control.RenderChildren(HtmlTextWriter writer)
   at System.Web.UI.Control.Render(HtmlTextWriter writer)
   at System.Web.UI.Control.RenderControlInternal(HtmlTextWriter writer, ControlAdapter adapter)
   at System.Web.UI.Control.RenderControl(HtmlTextWriter writer, ControlAdapter adapter)
   at System.Web.UI.Control.RenderControl(HtmlTextWriter writer)
   at System.Web.UI.Control.RenderChildrenInternal(HtmlTextWriter writer, ICollection children)
   at System.Web.UI.Control.RenderChildren(HtmlTextWriter writer)
   at System.Web.UI.Control.Render(HtmlTextWriter writer)
   at System.Web.UI.Control.RenderControlInternal(HtmlTextWriter writer, ControlAdapter adapter)
   at System.Web.UI.Control.RenderControl(HtmlTextWriter writer, ControlAdapter adapter)
   at System.Web.UI.Control.RenderControl(HtmlTextWriter writer)
   at System.Web.UI.Control.RenderChildrenInternal(HtmlTextWriter writer, ICollection children)
   at System.Web.UI.Control.RenderChildren(HtmlTextWriter writer)
   at System.Web.UI.WebControls.WebControl.RenderContents(HtmlTextWriter writer)
   at System.Web.UI.WebControls.WebControl.Render(HtmlTextWriter writer)
   at Telerik.Sitefinity.Web.UI.SimpleScriptView.Render(HtmlTextWriter writer)
   at System.Web.UI.Control.RenderControlInternal(HtmlTextWriter writer, ControlAdapter adapter)
   at System.Web.UI.Control.RenderControl(HtmlTextWriter writer, ControlAdapter adapter)
   at System.Web.UI.Control.RenderControl(HtmlTextWriter writer)
   at System.Web.UI.Control.RenderChildrenInternal(HtmlTextWriter writer, ICollection children)
   at System.Web.UI.Control.RenderChildren(HtmlTextWriter writer)
   at System.Web.UI.HtmlControls.HtmlContainerControl.Render(HtmlTextWriter writer)
   at System.Web.UI.Control.RenderControlInternal(HtmlTextWriter writer, ControlAdapter adapter)
   at System.Web.UI.Control.RenderControl(HtmlTextWriter writer, ControlAdapter adapter)
   at System.Web.UI.Control.RenderControl(HtmlTextWriter writer)
   at System.Web.UI.Control.RenderChildrenInternal(HtmlTextWriter writer, ICollection children)
   at System.Web.UI.Control.RenderChildren(HtmlTextWriter writer)
   at System.Web.UI.HtmlControls.HtmlContainerControl.Render(HtmlTextWriter writer)
   at System.Web.UI.Control.RenderControlInternal(HtmlTextWriter writer, ControlAdapter adapter)
   at System.Web.UI.Control.RenderControl(HtmlTextWriter writer, ControlAdapter adapter)
   at System.Web.UI.Control.RenderControl(HtmlTextWriter writer)
   at System.Web.UI.Control.RenderChildrenInternal(HtmlTextWriter writer, ICollection children)
   at System.Web.UI.Control.RenderChildren(HtmlTextWriter writer)
   at System.Web.UI.HtmlControls.HtmlContainerControl.Render(HtmlTextWriter writer)
   at System.Web.UI.Control.RenderControlInternal(HtmlTextWriter writer, ControlAdapter adapter)
   at System.Web.UI.Control.RenderControl(HtmlTextWriter writer, ControlAdapter adapter)
   at System.Web.UI.Control.RenderControl(HtmlTextWriter writer)
   at System.Web.UI.Control.RenderChildrenInternal(HtmlTextWriter writer, ICollection children)
   at System.Web.UI.Control.RenderChildren(HtmlTextWriter writer)
   at System.Web.UI.Control.Render(HtmlTextWriter writer)
   at System.Web.UI.Control.RenderControlInternal(HtmlTextWriter writer, ControlAdapter adapter)
   at System.Web.UI.Control.RenderControl(HtmlTextWriter writer, ControlAdapter adapter)
   at System.Web.UI.Control.RenderControl(HtmlTextWriter writer)
   at System.Web.UI.Control.RenderChildrenInternal(HtmlTextWriter writer, ICollection children)
   at System.Web.UI.Control.RenderChildren(HtmlTextWriter writer)
   at System.Web.UI.HtmlControls.HtmlContainerControl.Render(HtmlTextWriter writer)
   at System.Web.UI.Control.RenderControlInternal(HtmlTextWriter writer, ControlAdapter adapter)
   at System.Web.UI.Control.RenderControl(HtmlTextWriter writer, ControlAdapter adapter)
   at System.Web.UI.Control.RenderControl(HtmlTextWriter writer)
   at System.Web.UI.Control.RenderChildrenInternal(HtmlTextWriter writer, ICollection children)
   at System.Web.UI.HtmlControls.HtmlForm.RenderChildren(HtmlTextWriter writer)
   at System.Web.UI.HtmlControls.HtmlContainerControl.Render(HtmlTextWriter writer)
   at System.Web.UI.HtmlControls.HtmlForm.Render(HtmlTextWriter output)
   at System.Web.UI.Control.RenderControlInternal(HtmlTextWriter writer, ControlAdapter adapter)
   at System.Web.UI.Control.RenderControl(HtmlTextWriter writer, ControlAdapter adapter)
   at System.Web.UI.HtmlControls.HtmlForm.RenderControl(HtmlTextWriter writer)
   at System.Web.UI.Control.RenderChildrenInternal(HtmlTextWriter writer, ICollection children)
   at System.Web.UI.Control.RenderChildren(HtmlTextWriter writer)
   at System.Web.UI.HtmlControls.HtmlContainerControl.Render(HtmlTextWriter writer)
   at System.Web.UI.Control.RenderControlInternal(HtmlTextWriter writer, ControlAdapter adapter)
   at System.Web.UI.Control.RenderControl(HtmlTextWriter writer, ControlAdapter adapter)
   at System.Web.UI.Control.RenderControl(HtmlTextWriter writer)
   at System.Web.UI.Control.RenderChildrenInternal(HtmlTextWriter writer, ICollection children)
   at System.Web.UI.Control.RenderChildren(HtmlTextWriter writer)
   at System.Web.UI.Page.Render(HtmlTextWriter writer)
   at System.Web.UI.Control.RenderControlInternal(HtmlTextWriter writer, ControlAdapter adapter)
   at System.Web.UI.Control.RenderControl(HtmlTextWriter writer, ControlAdapter adapter)
   at System.Web.UI.Control.RenderControl(HtmlTextWriter writer)
   at System.Web.UI.Page.ProcessRequestMain(Boolean includeStagesBeforeAsyncPoint, Boolean includeStagesAfterAsyncPoint)

Additional Info:

MachineName : TIJUGUDDY
TimeStamp : 7/24/2016 5:09:24 AM
FullName : Telerik.Sitefinity.Utilities, Version=9.1.6110.0, Culture=neutral, PublicKeyToken=b28c218413bdf563
AppDomainName : /LM/W3SVC/2/ROOT-1-131138104489836957
ThreadIdentity : 
WindowsIdentity : TIJUGUDDY\Tiju
Requested URL : http://localhost:60876/


Category: ErrorLog

Priority: 0

EventId: 90000

Severity: Error

Title:Enterprise Library Exception Handling

Machine: TIJUGUDDY

App Domain: /LM/W3SVC/2/ROOT-1-131138104489836957

ProcessId: 9984

Process Name: C:\Program Files (x86)\IIS Express\iisexpress.exe

Thread Name: 

Win32 ThreadId:10212

Extended Properties: 
----------------------------------------
----------------------------------------
Timestamp: 7/24/2016 6:10:28 AM

Message: HandlingInstanceID: f6a22937-c7b0-4498-b417-fb09c0727eac
An exception of type 'System.Web.HttpException' occurred and was caught.
------------------------------------------------------------------------
07/24/2016 16:10:28
Type : System.Web.HttpException, System.Web, Version=4.0.0.0, Culture=neutral, PublicKeyToken=b03f5f7f11d50a3a
Message : File does not exist.
Source : System.Web
Help link : 
WebEventCode : 0
ErrorCode : -2147467259
Data : System.Collections.ListDictionaryInternal
TargetSite : Boolean ProcessRequestForNonMapPathBasedVirtualFile(System.Web.HttpRequest, System.Web.HttpResponse, System.String)
HResult : -2147467259
Stack Trace :    at System.Web.StaticFileHandler.ProcessRequestForNonMapPathBasedVirtualFile(HttpRequest request, HttpResponse response, String overrideVirtualPath)
   at System.Web.StaticFileHandler.ProcessRequestInternal(HttpContext context, String overrideVirtualPath)
   at System.Web.DefaultHttpHandler.BeginProcessRequest(HttpContext context, AsyncCallback callback, Object state)
   at System.Web.HttpApplication.CallHandlerExecutionStep.System.Web.HttpApplication.IExecutionStep.Execute()
   at System.Web.HttpApplication.ExecuteStep(IExecutionStep step, Boolean& completedSynchronously)

Additional Info:

MachineName : TIJUGUDDY
TimeStamp : 7/24/2016 6:10:28 AM
FullName : Telerik.Sitefinity.Utilities, Version=9.1.6110.0, Culture=neutral, PublicKeyToken=b28c218413bdf563
AppDomainName : a74094a1-7-131138141455205938
ThreadIdentity : admin
WindowsIdentity : TIJUGUDDY\Tiju
Requested URL : http://localhost:47771/FCEmailNotification/appstatus?count=1


Category: ErrorLog

Priority: 0

EventId: 90000

Severity: Error

Title:Enterprise Library Exception Handling

Machine: TIJUGUDDY

App Domain: a74094a1-7-131138141455205938

ProcessId: 8188

Process Name: C:\Program Files (x86)\Progress\Sitefinity\SitefinityCMS.exe

Thread Name: 

Win32 ThreadId:5588

Extended Properties: 
----------------------------------------
----------------------------------------
Timestamp: 7/24/2016 6:16:43 AM

Message: HandlingInstanceID: 0d3098ca-9d84-44c1-bea8-081c207e1c29
An exception of type 'System.Web.HttpException' occurred and was caught.
------------------------------------------------------------------------
07/24/2016 16:16:43
Type : System.Web.HttpException, System.Web, Version=4.0.0.0, Culture=neutral, PublicKeyToken=b03f5f7f11d50a3a
Message : File does not exist.
Source : System.Web
Help link : 
WebEventCode : 0
ErrorCode : -2147467259
Data : System.Collections.ListDictionaryInternal
TargetSite : Boolean ProcessRequestForNonMapPathBasedVirtualFile(System.Web.HttpRequest, System.Web.HttpResponse, System.String)
HResult : -2147467259
Stack Trace :    at System.Web.StaticFileHandler.ProcessRequestForNonMapPathBasedVirtualFile(HttpRequest request, HttpResponse response, String overrideVirtualPath)
   at System.Web.StaticFileHandler.ProcessRequestInternal(HttpContext context, String overrideVirtualPath)
   at System.Web.DefaultHttpHandler.BeginProcessRequest(HttpContext context, AsyncCallback callback, Object state)
   at System.Web.HttpApplication.CallHandlerExecutionStep.System.Web.HttpApplication.IExecutionStep.Execute()
   at System.Web.HttpApplication.ExecuteStep(IExecutionStep step, Boolean& completedSynchronously)

Additional Info:

MachineName : TIJUGUDDY
TimeStamp : 7/24/2016 6:16:43 AM
FullName : Telerik.Sitefinity.Utilities, Version=9.1.6110.0, Culture=neutral, PublicKeyToken=b28c218413bdf563
AppDomainName : a74094a1-8-131138144851353996
ThreadIdentity : admin
WindowsIdentity : TIJUGUDDY\Tiju
Requested URL : http://localhost:47771/FCEmailNotification/appstatus?count=1


Category: ErrorLog

Priority: 0

EventId: 90000

Severity: Error

Title:Enterprise Library Exception Handling

Machine: TIJUGUDDY

App Domain: a74094a1-8-131138144851353996

ProcessId: 8188

Process Name: C:\Program Files (x86)\Progress\Sitefinity\SitefinityCMS.exe

Thread Name: 

Win32 ThreadId:10436

Extended Properties: 
----------------------------------------
----------------------------------------
Timestamp: 7/24/2016 11:12:27 PM

Message: HandlingInstanceID: 84a7eef5-613f-4f64-9f5d-a4fb2c1fb9d2
An exception of type 'System.Web.HttpException' occurred and was caught.
------------------------------------------------------------------------
07/25/2016 09:12:27
Type : System.Web.HttpException, System.Web, Version=4.0.0.0, Culture=neutral, PublicKeyToken=b03f5f7f11d50a3a
Message : File does not exist.
Source : System.Web
Help link : 
WebEventCode : 0
ErrorCode : -2147467259
Data : System.Collections.ListDictionaryInternal
TargetSite : Boolean ProcessRequestForNonMapPathBasedVirtualFile(System.Web.HttpRequest, System.Web.HttpResponse, System.String)
HResult : -2147467259
Stack Trace :    at System.Web.StaticFileHandler.ProcessRequestForNonMapPathBasedVirtualFile(HttpRequest request, HttpResponse response, String overrideVirtualPath)
   at System.Web.StaticFileHandler.ProcessRequestInternal(HttpContext context, String overrideVirtualPath)
   at System.Web.DefaultHttpHandler.BeginProcessRequest(HttpContext context, AsyncCallback callback, Object state)
   at System.Web.HttpApplication.CallHandlerExecutionStep.System.Web.HttpApplication.IExecutionStep.Execute()
   at System.Web.HttpApplication.ExecuteStep(IExecutionStep step, Boolean& completedSynchronously)

Additional Info:

MachineName : TIJUGUDDY
TimeStamp : 7/24/2016 11:12:27 PM
FullName : Telerik.Sitefinity.Utilities, Version=9.1.6110.0, Culture=neutral, PublicKeyToken=b28c218413bdf563
AppDomainName : a74094a1-1-131138753225083554
ThreadIdentity : 
WindowsIdentity : TIJUGUDDY\Tiju
Requested URL : http://localhost:8262/FCEmailNotification/appstatus?count=1


Category: ErrorLog

Priority: 0

EventId: 90000

Severity: Error

Title:Enterprise Library Exception Handling

Machine: TIJUGUDDY

App Domain: a74094a1-1-131138753225083554

ProcessId: 13092

Process Name: C:\Program Files (x86)\Progress\Sitefinity\SitefinityCMS.exe

Thread Name: 

Win32 ThreadId:4512

Extended Properties: 
----------------------------------------
----------------------------------------
Timestamp: 7/24/2016 11:26:22 PM

Message: HandlingInstanceID: d06ab0fb-b019-4c95-86e9-8675cb193f89
An exception of type 'System.Web.HttpException' occurred and was caught.
------------------------------------------------------------------------
07/25/2016 09:26:22
Type : System.Web.HttpException, System.Web, Version=4.0.0.0, Culture=neutral, PublicKeyToken=b03f5f7f11d50a3a
Message : File does not exist.
Source : System.Web
Help link : 
WebEventCode : 0
ErrorCode : -2147467259
Data : System.Collections.ListDictionaryInternal
TargetSite : Boolean ProcessRequestForNonMapPathBasedVirtualFile(System.Web.HttpRequest, System.Web.HttpResponse, System.String)
HResult : -2147467259
Stack Trace :    at System.Web.StaticFileHandler.ProcessRequestForNonMapPathBasedVirtualFile(HttpRequest request, HttpResponse response, String overrideVirtualPath)
   at System.Web.StaticFileHandler.ProcessRequestInternal(HttpContext context, String overrideVirtualPath)
   at System.Web.DefaultHttpHandler.BeginProcessRequest(HttpContext context, AsyncCallback callback, Object state)
   at System.Web.HttpApplication.CallHandlerExecutionStep.System.Web.HttpApplication.IExecutionStep.Execute()
   at System.Web.HttpApplication.ExecuteStep(IExecutionStep step, Boolean& completedSynchronously)

Additional Info:

MachineName : TIJUGUDDY
TimeStamp : 7/24/2016 11:26:22 PM
FullName : Telerik.Sitefinity.Utilities, Version=9.1.6110.0, Culture=neutral, PublicKeyToken=b28c218413bdf563
AppDomainName : a74094a1-2-131138762895923599
ThreadIdentity : admin
WindowsIdentity : TIJUGUDDY\Tiju
Requested URL : http://localhost:8262/FCEmailNotification/appstatus?count=1


Category: ErrorLog

Priority: 0

EventId: 90000

Severity: Error

Title:Enterprise Library Exception Handling

Machine: TIJUGUDDY

App Domain: a74094a1-2-131138762895923599

ProcessId: 13092

Process Name: C:\Program Files (x86)\Progress\Sitefinity\SitefinityCMS.exe

Thread Name: 

Win32 ThreadId:8580

Extended Properties: 
----------------------------------------
----------------------------------------
Timestamp: 7/24/2016 11:41:31 PM

Message: HandlingInstanceID: 8c351bff-d1fe-42a1-b759-19b0e393c760
An exception of type 'System.Web.HttpException' occurred and was caught.
------------------------------------------------------------------------
07/25/2016 09:41:31
Type : System.Web.HttpException, System.Web, Version=4.0.0.0, Culture=neutral, PublicKeyToken=b03f5f7f11d50a3a
Message : File does not exist.
Source : System.Web
Help link : 
WebEventCode : 0
ErrorCode : -2147467259
Data : System.Collections.ListDictionaryInternal
TargetSite : Boolean ProcessRequestForNonMapPathBasedVirtualFile(System.Web.HttpRequest, System.Web.HttpResponse, System.String)
HResult : -2147467259
Stack Trace :    at System.Web.StaticFileHandler.ProcessRequestForNonMapPathBasedVirtualFile(HttpRequest request, HttpResponse response, String overrideVirtualPath)
   at System.Web.StaticFileHandler.ProcessRequestInternal(HttpContext context, String overrideVirtualPath)
   at System.Web.DefaultHttpHandler.BeginProcessRequest(HttpContext context, AsyncCallback callback, Object state)
   at System.Web.HttpApplication.CallHandlerExecutionStep.System.Web.HttpApplication.IExecutionStep.Execute()
   at System.Web.HttpApplication.ExecuteStep(IExecutionStep step, Boolean& completedSynchronously)

Additional Info:

MachineName : TIJUGUDDY
TimeStamp : 7/24/2016 11:41:31 PM
FullName : Telerik.Sitefinity.Utilities, Version=9.1.6110.0, Culture=neutral, PublicKeyToken=b28c218413bdf563
AppDomainName : a74094a1-3-131138772102367262
ThreadIdentity : admin
WindowsIdentity : TIJUGUDDY\Tiju
Requested URL : http://localhost:8262/FCEmailNotification/appstatus?count=1


Category: ErrorLog

Priority: 0

EventId: 90000

Severity: Error

Title:Enterprise Library Exception Handling

Machine: TIJUGUDDY

App Domain: a74094a1-3-131138772102367262

ProcessId: 13092

Process Name: C:\Program Files (x86)\Progress\Sitefinity\SitefinityCMS.exe

Thread Name: 

Win32 ThreadId:11872

Extended Properties: 
----------------------------------------
----------------------------------------
Timestamp: 7/25/2016 12:03:28 AM

Message: HandlingInstanceID: e4ff253e-1131-4555-9952-028f6187d91b
An exception of type 'System.Web.HttpException' occurred and was caught.
------------------------------------------------------------------------
07/25/2016 10:03:28
Type : System.Web.HttpException, System.Web, Version=4.0.0.0, Culture=neutral, PublicKeyToken=b03f5f7f11d50a3a
Message : File does not exist.
Source : System.Web
Help link : 
WebEventCode : 0
ErrorCode : -2147467259
Data : System.Collections.ListDictionaryInternal
TargetSite : Boolean ProcessRequestForNonMapPathBasedVirtualFile(System.Web.HttpRequest, System.Web.HttpResponse, System.String)
HResult : -2147467259
Stack Trace :    at System.Web.StaticFileHandler.ProcessRequestForNonMapPathBasedVirtualFile(HttpRequest request, HttpResponse response, String overrideVirtualPath)
   at System.Web.StaticFileHandler.ProcessRequestInternal(HttpContext context, String overrideVirtualPath)
   at System.Web.DefaultHttpHandler.BeginProcessRequest(HttpContext context, AsyncCallback callback, Object state)
   at System.Web.HttpApplication.CallHandlerExecutionStep.System.Web.HttpApplication.IExecutionStep.Execute()
   at System.Web.HttpApplication.ExecuteStep(IExecutionStep step, Boolean& completedSynchronously)

Additional Info:

MachineName : TIJUGUDDY
TimeStamp : 7/25/2016 12:03:28 AM
FullName : Telerik.Sitefinity.Utilities, Version=9.1.6110.0, Culture=neutral, PublicKeyToken=b28c218413bdf563
AppDomainName : a74094a1-4-131138784816169193
ThreadIdentity : admin
WindowsIdentity : TIJUGUDDY\Tiju
Requested URL : http://localhost:8262/FCEmailNotification/appstatus?count=1


Category: ErrorLog

Priority: 0

EventId: 90000

Severity: Error

Title:Enterprise Library Exception Handling

Machine: TIJUGUDDY

App Domain: a74094a1-4-131138784816169193

ProcessId: 13092

Process Name: C:\Program Files (x86)\Progress\Sitefinity\SitefinityCMS.exe

Thread Name: 

Win32 ThreadId:14788

Extended Properties: 
----------------------------------------
