----------------------------------------
Timestamp: 7/24/2016 12:47:14 AM

Message: Operation: 'ModelReset'. Parameters: 'notify:True'. Reason: 'MetaDataChange|InvalidatedModules:Telerik.Sitefinity.Modules.Forms.Data.OpenAccessFormsProvider|HasDeletedFields'. User: 'admin'. StackTrace: '
Telerik.Sitefinity.Data.OA.OpenAccessConnection: Void ResetModel(Telerik.Sitefinity.Services.OperationReason, Boolean)
Telerik.Sitefinity.Data.Decorators.OpenAccessDecorator: Void EnsureModelReset()
Telerik.Sitefinity.Data.Metadata.OpenAccessMetaDataProvider: Void CommitTransaction(Boolean)
DynamicModule.ns.Wrapped_OpenAccessMetaDataProvider_a579c7bd89de47c0bf2424da39de9baa: Telerik.Microsoft.Practices.Unity.InterceptionExtension.IMethodReturn <CommitTransaction_DelegateImplementation>__36(Telerik.Microsoft.Practices.Unity.InterceptionExtension.IMethodInvocation, Telerik.Microsoft.Practices.Unity.InterceptionExtension.GetNextInterceptionBehaviorDelegate)
Telerik.Sitefinity.Data.DataEventsCallHandler: Telerik.Microsoft.Practices.Unity.InterceptionExtension.IMethodReturn Invoke(Telerik.Microsoft.Practices.Unity.InterceptionExtension.IMethodInvocation, Telerik.Microsoft.Practices.Unity.InterceptionExtension.GetNextHandlerDelegate)
Telerik.Sitefinity.Security.SitefinityAuthorizationCallHandler: Telerik.Microsoft.Practices.Unity.InterceptionExtension.IMethodReturn Invoke(Telerik.Microsoft.Practices.Unity.InterceptionExtension.IMethodInvocation, Telerik.Microsoft.Practices.Unity.InterceptionExtension.GetNextHandlerDelegate)
DynamicModule.ns.Wrapped_OpenAccessMetaDataProvider_a579c7bd89de47c0bf2424da39de9baa: Void CommitTransaction(Boolean)
Telerik.Sitefinity.Modules.Pages.Web.Services.ZoneEditorService: Boolean PublishFormDraft(Telerik.Sitefinity.Modules.Forms.Web.Services.Model.FormDescriptionViewModel, System.String)
unknown: System.Object SyncInvokePublishFormDraft(System.Object, System.Object[], System.Object[])
System.ServiceModel.Dispatcher.SyncMethodInvoker: System.Object Invoke(System.Object, System.Object[], System.Object[] ByRef)
System.ServiceModel.Dispatcher.DispatchOperationRuntime: Void InvokeBegin(System.ServiceModel.Dispatcher.MessageRpc ByRef)
System.ServiceModel.Dispatcher.ImmutableDispatchRuntime: Void ProcessMessage5(System.ServiceModel.Dispatcher.MessageRpc ByRef)
System.ServiceModel.Dispatcher.ImmutableDispatchRuntime: Void ProcessMessage11(System.ServiceModel.Dispatcher.MessageRpc ByRef)
System.ServiceModel.Dispatcher.MessageRpc: Boolean Process(Boolean)
System.ServiceModel.Dispatcher.ChannelHandler: Boolean DispatchAndReleasePump(System.ServiceModel.Channels.RequestContext, Boolean, System.ServiceModel.OperationContext)
System.ServiceModel.Dispatcher.ChannelHandler: Boolean HandleRequest(System.ServiceModel.Channels.RequestContext, System.ServiceModel.OperationContext)
System.ServiceModel.Dispatcher.ChannelHandler: Void AsyncMessagePump(System.IAsyncResult)
System.ServiceModel.Dispatcher.ChannelHandler: Void OnAsyncReceiveComplete(System.IAsyncResult)
System.Runtime.Fx+AsyncThunk: Void UnhandledExceptionFrame(System.IAsyncResult)
Telerik.Sitefinity.Utilities.MS.ServiceModel.Web.AsyncResult: Void Complete(Boolean)
Telerik.Sitefinity.Utilities.MS.ServiceModel.Web.RequestInterceptorReplyChannelBase`1+TryReceiveRequestAsyncResult: Void InnerTryReceiveCallback(System.IAsyncResult)
System.Runtime.AsyncResult: Void Complete(Boolean)
System.Runtime.InputQueue`1+AsyncQueueReader: Void Set(Item)
System.Runtime.InputQueue`1: Void EnqueueAndDispatch(Item, Boolean)
System.Runtime.InputQueue`1: Void EnqueueAndDispatch(T, System.Action, Boolean)
System.ServiceModel.Channels.SingletonChannelAcceptor`3: Void Enqueue(QueueItemType, System.Action, Boolean)
System.ServiceModel.Channels.HttpPipeline+EnqueueMessageAsyncResult: Void CompleteParseAndEnqueue(System.IAsyncResult)
System.ServiceModel.Channels.HttpPipeline+EnqueueMessageAsyncResult: Boolean HandleParseIncomingMessage(System.IAsyncResult)
System.Runtime.AsyncResult: Void AsyncCompletionWrapperCallback(System.IAsyncResult)
System.Runtime.Fx+AsyncThunk: Void UnhandledExceptionFrame(System.IAsyncResult)
System.Runtime.AsyncResult: Void Complete(Boolean)
System.ServiceModel.Channels.HttpInput+ParseMessageAsyncResult: Void OnRead(System.IAsyncResult)
System.Runtime.Fx+AsyncThunk: Void UnhandledExceptionFrame(System.IAsyncResult)
System.Threading.ExecutionContext: Void RunInternal(System.Threading.ExecutionContext, System.Threading.ContextCallback, System.Object, Boolean)
System.Threading.ExecutionContext: Void Run(System.Threading.ExecutionContext, System.Threading.ContextCallback, System.Object, Boolean)
System.IO.Stream+ReadWriteTask: Void System.Threading.Tasks.ITaskCompletionAction.Invoke(System.Threading.Tasks.Task)
System.Threading.Tasks.Task: Void FinishContinuations()
System.Threading.Tasks.Task: Void Finish(Boolean)
System.Threading.Tasks.Task: Void ExecuteWithThreadLocal(System.Threading.Tasks.Task ByRef)
System.Threading.Tasks.Task: Boolean ExecuteEntry(Boolean)
System.Threading.ThreadPoolWorkQueue: Boolean Dispatch()'.


----------------------------------------
----------------------------------------
Timestamp: 7/24/2016 3:30:42 AM

Message: Operation: 'ModelReset'. Parameters: 'notify:True'. Reason: 'MetaDataChange|InvalidatedModules:Telerik.Sitefinity.Modules.Forms.Data.OpenAccessFormsProvider'. User: 'admin'. StackTrace: '
Telerik.Sitefinity.Data.OA.OpenAccessConnection: Void ResetModel(Telerik.Sitefinity.Services.OperationReason, Boolean)
Telerik.Sitefinity.Data.Decorators.OpenAccessDecorator: Void EnsureModelReset()
Telerik.Sitefinity.Data.Metadata.OpenAccessMetaDataProvider: Void CommitTransaction(Boolean)
DynamicModule.ns.Wrapped_OpenAccessMetaDataProvider_28fb6fe8b57546c58ff414e29375b717: Telerik.Microsoft.Practices.Unity.InterceptionExtension.IMethodReturn <CommitTransaction_DelegateImplementation>__36(Telerik.Microsoft.Practices.Unity.InterceptionExtension.IMethodInvocation, Telerik.Microsoft.Practices.Unity.InterceptionExtension.GetNextInterceptionBehaviorDelegate)
Telerik.Sitefinity.Data.DataEventsCallHandler: Telerik.Microsoft.Practices.Unity.InterceptionExtension.IMethodReturn Invoke(Telerik.Microsoft.Practices.Unity.InterceptionExtension.IMethodInvocation, Telerik.Microsoft.Practices.Unity.InterceptionExtension.GetNextHandlerDelegate)
Telerik.Sitefinity.Security.SitefinityAuthorizationCallHandler: Telerik.Microsoft.Practices.Unity.InterceptionExtension.IMethodReturn Invoke(Telerik.Microsoft.Practices.Unity.InterceptionExtension.IMethodInvocation, Telerik.Microsoft.Practices.Unity.InterceptionExtension.GetNextHandlerDelegate)
DynamicModule.ns.Wrapped_OpenAccessMetaDataProvider_28fb6fe8b57546c58ff414e29375b717: Void CommitTransaction(Boolean)
Telerik.Sitefinity.Modules.Pages.Web.Services.ZoneEditorService: Boolean PublishFormDraft(Telerik.Sitefinity.Modules.Forms.Web.Services.Model.FormDescriptionViewModel, System.String)
unknown: System.Object SyncInvokePublishFormDraft(System.Object, System.Object[], System.Object[])
System.ServiceModel.Dispatcher.SyncMethodInvoker: System.Object Invoke(System.Object, System.Object[], System.Object[] ByRef)
System.ServiceModel.Dispatcher.DispatchOperationRuntime: Void InvokeBegin(System.ServiceModel.Dispatcher.MessageRpc ByRef)
System.ServiceModel.Dispatcher.ImmutableDispatchRuntime: Void ProcessMessage5(System.ServiceModel.Dispatcher.MessageRpc ByRef)
System.ServiceModel.Dispatcher.ImmutableDispatchRuntime: Void ProcessMessage11(System.ServiceModel.Dispatcher.MessageRpc ByRef)
System.ServiceModel.Dispatcher.MessageRpc: Boolean Process(Boolean)
System.ServiceModel.Dispatcher.ChannelHandler: Boolean DispatchAndReleasePump(System.ServiceModel.Channels.RequestContext, Boolean, System.ServiceModel.OperationContext)
System.ServiceModel.Dispatcher.ChannelHandler: Boolean HandleRequest(System.ServiceModel.Channels.RequestContext, System.ServiceModel.OperationContext)
System.ServiceModel.Dispatcher.ChannelHandler: Void AsyncMessagePump(System.IAsyncResult)
System.ServiceModel.Dispatcher.ChannelHandler: Void OnAsyncReceiveComplete(System.IAsyncResult)
System.Runtime.Fx+AsyncThunk: Void UnhandledExceptionFrame(System.IAsyncResult)
Telerik.Sitefinity.Utilities.MS.ServiceModel.Web.AsyncResult: Void Complete(Boolean)
Telerik.Sitefinity.Utilities.MS.ServiceModel.Web.RequestInterceptorReplyChannelBase`1+TryReceiveRequestAsyncResult: Void InnerTryReceiveCallback(System.IAsyncResult)
System.Runtime.AsyncResult: Void Complete(Boolean)
System.Runtime.InputQueue`1+AsyncQueueReader: Void Set(Item)
System.Runtime.InputQueue`1: Void EnqueueAndDispatch(Item, Boolean)
System.Runtime.InputQueue`1: Void EnqueueAndDispatch(T, System.Action, Boolean)
System.ServiceModel.Channels.SingletonChannelAcceptor`3: Void Enqueue(QueueItemType, System.Action, Boolean)
System.ServiceModel.Channels.HttpPipeline+EnqueueMessageAsyncResult: Void CompleteParseAndEnqueue(System.IAsyncResult)
System.ServiceModel.Channels.HttpPipeline+EnqueueMessageAsyncResult: Boolean HandleParseIncomingMessage(System.IAsyncResult)
System.Runtime.AsyncResult: Void AsyncCompletionWrapperCallback(System.IAsyncResult)
System.Runtime.Fx+AsyncThunk: Void UnhandledExceptionFrame(System.IAsyncResult)
System.Runtime.AsyncResult: Void Complete(Boolean)
System.ServiceModel.Channels.HttpInput+ParseMessageAsyncResult: Void OnRead(System.IAsyncResult)
System.Runtime.Fx+AsyncThunk: Void UnhandledExceptionFrame(System.IAsyncResult)
System.Threading.ExecutionContext: Void RunInternal(System.Threading.ExecutionContext, System.Threading.ContextCallback, System.Object, Boolean)
System.Threading.ExecutionContext: Void Run(System.Threading.ExecutionContext, System.Threading.ContextCallback, System.Object, Boolean)
System.IO.Stream+ReadWriteTask: Void System.Threading.Tasks.ITaskCompletionAction.Invoke(System.Threading.Tasks.Task)
System.Threading.Tasks.Task: Void FinishContinuations()
System.Threading.Tasks.Task: Void Finish(Boolean)
System.Threading.Tasks.Task: Void ExecuteWithThreadLocal(System.Threading.Tasks.Task ByRef)
System.Threading.Tasks.Task: Boolean ExecuteEntry(Boolean)
System.Threading.ThreadPoolWorkQueue: Boolean Dispatch()'.


----------------------------------------
----------------------------------------
Timestamp: 7/24/2016 3:46:07 AM

Message: Operation: 'ModelReset'. Parameters: 'notify:True'. Reason: 'MetaDataChange|InvalidatedModules:Telerik.Sitefinity.Modules.Forms.Data.OpenAccessFormsProvider|HasDeletedTypes'. User: 'admin'. StackTrace: '
Telerik.Sitefinity.Data.OA.OpenAccessConnection: Void ResetModel(Telerik.Sitefinity.Services.OperationReason, Boolean)
Telerik.Sitefinity.Data.TransactionManager: Void CommitTransaction(System.String)
Telerik.Sitefinity.Fluent.FluentSitefinity: Void SaveChanges()
Telerik.Sitefinity.Modules.Forms.Web.Services.FormsService: Boolean BatchDeleteContentInternal(System.String[], System.String, System.String)
unknown: System.Object SyncInvokeBatchDeleteFormDescription(System.Object, System.Object[], System.Object[])
System.ServiceModel.Dispatcher.SyncMethodInvoker: System.Object Invoke(System.Object, System.Object[], System.Object[] ByRef)
System.ServiceModel.Dispatcher.DispatchOperationRuntime: Void InvokeBegin(System.ServiceModel.Dispatcher.MessageRpc ByRef)
System.ServiceModel.Dispatcher.ImmutableDispatchRuntime: Void ProcessMessage5(System.ServiceModel.Dispatcher.MessageRpc ByRef)
System.ServiceModel.Dispatcher.ImmutableDispatchRuntime: Void ProcessMessage11(System.ServiceModel.Dispatcher.MessageRpc ByRef)
System.ServiceModel.Dispatcher.MessageRpc: Boolean Process(Boolean)
System.ServiceModel.Dispatcher.ChannelHandler: Boolean DispatchAndReleasePump(System.ServiceModel.Channels.RequestContext, Boolean, System.ServiceModel.OperationContext)
System.ServiceModel.Dispatcher.ChannelHandler: Boolean HandleRequest(System.ServiceModel.Channels.RequestContext, System.ServiceModel.OperationContext)
System.ServiceModel.Dispatcher.ChannelHandler: Void AsyncMessagePump(System.IAsyncResult)
System.ServiceModel.Dispatcher.ChannelHandler: Void OnAsyncReceiveComplete(System.IAsyncResult)
System.Runtime.Fx+AsyncThunk: Void UnhandledExceptionFrame(System.IAsyncResult)
Telerik.Sitefinity.Utilities.MS.ServiceModel.Web.AsyncResult: Void Complete(Boolean)
Telerik.Sitefinity.Utilities.MS.ServiceModel.Web.RequestInterceptorReplyChannelBase`1+TryReceiveRequestAsyncResult: Void InnerTryReceiveCallback(System.IAsyncResult)
System.Runtime.AsyncResult: Void Complete(Boolean)
System.Runtime.InputQueue`1+AsyncQueueReader: Void Set(Item)
System.Runtime.InputQueue`1: Void EnqueueAndDispatch(Item, Boolean)
System.Runtime.InputQueue`1: Void EnqueueAndDispatch(T, System.Action, Boolean)
System.ServiceModel.Channels.SingletonChannelAcceptor`3: Void Enqueue(QueueItemType, System.Action, Boolean)
System.ServiceModel.Channels.HttpPipeline+EnqueueMessageAsyncResult: Void CompleteParseAndEnqueue(System.IAsyncResult)
System.ServiceModel.Channels.HttpPipeline+EnqueueMessageAsyncResult: Boolean HandleParseIncomingMessage(System.IAsyncResult)
System.Runtime.AsyncResult: Void AsyncCompletionWrapperCallback(System.IAsyncResult)
System.Runtime.Fx+AsyncThunk: Void UnhandledExceptionFrame(System.IAsyncResult)
System.Runtime.AsyncResult: Void Complete(Boolean)
System.ServiceModel.Channels.HttpInput+ParseMessageAsyncResult: Void OnRead(System.IAsyncResult)
System.Runtime.Fx+AsyncThunk: Void UnhandledExceptionFrame(System.IAsyncResult)
System.Threading.ExecutionContext: Void RunInternal(System.Threading.ExecutionContext, System.Threading.ContextCallback, System.Object, Boolean)
System.Threading.ExecutionContext: Void Run(System.Threading.ExecutionContext, System.Threading.ContextCallback, System.Object, Boolean)
System.IO.Stream+ReadWriteTask: Void System.Threading.Tasks.ITaskCompletionAction.Invoke(System.Threading.Tasks.Task)
System.Threading.Tasks.Task: Void FinishContinuations()
System.Threading.Tasks.Task: Void Finish(Boolean)
System.Threading.Tasks.Task: Void ExecuteWithThreadLocal(System.Threading.Tasks.Task ByRef)
System.Threading.Tasks.Task: Boolean ExecuteEntry(Boolean)
System.Threading.ThreadPoolWorkQueue: Boolean Dispatch()'.


----------------------------------------
----------------------------------------
Timestamp: 7/24/2016 3:46:57 AM

Message: Operation: 'ModelReset'. Parameters: 'notify:True'. Reason: 'MetaDataChange|InvalidatedModules:Telerik.Sitefinity.Modules.Forms.Data.OpenAccessFormsProvider'. User: 'admin'. StackTrace: '
Telerik.Sitefinity.Data.OA.OpenAccessConnection: Void ResetModel(Telerik.Sitefinity.Services.OperationReason, Boolean)
Telerik.Sitefinity.Data.Decorators.OpenAccessDecorator: Void EnsureModelReset()
Telerik.Sitefinity.Data.Metadata.OpenAccessMetaDataProvider: Void CommitTransaction(Boolean)
DynamicModule.ns.Wrapped_OpenAccessMetaDataProvider_28fb6fe8b57546c58ff414e29375b717: Telerik.Microsoft.Practices.Unity.InterceptionExtension.IMethodReturn <CommitTransaction_DelegateImplementation>__36(Telerik.Microsoft.Practices.Unity.InterceptionExtension.IMethodInvocation, Telerik.Microsoft.Practices.Unity.InterceptionExtension.GetNextInterceptionBehaviorDelegate)
Telerik.Sitefinity.Data.DataEventsCallHandler: Telerik.Microsoft.Practices.Unity.InterceptionExtension.IMethodReturn Invoke(Telerik.Microsoft.Practices.Unity.InterceptionExtension.IMethodInvocation, Telerik.Microsoft.Practices.Unity.InterceptionExtension.GetNextHandlerDelegate)
Telerik.Sitefinity.Security.SitefinityAuthorizationCallHandler: Telerik.Microsoft.Practices.Unity.InterceptionExtension.IMethodReturn Invoke(Telerik.Microsoft.Practices.Unity.InterceptionExtension.IMethodInvocation, Telerik.Microsoft.Practices.Unity.InterceptionExtension.GetNextHandlerDelegate)
DynamicModule.ns.Wrapped_OpenAccessMetaDataProvider_28fb6fe8b57546c58ff414e29375b717: Void CommitTransaction(Boolean)
Telerik.Sitefinity.Modules.Pages.Web.Services.ZoneEditorService: Boolean PublishFormDraft(Telerik.Sitefinity.Modules.Forms.Web.Services.Model.FormDescriptionViewModel, System.String)
unknown: System.Object SyncInvokePublishFormDraft(System.Object, System.Object[], System.Object[])
System.ServiceModel.Dispatcher.SyncMethodInvoker: System.Object Invoke(System.Object, System.Object[], System.Object[] ByRef)
System.ServiceModel.Dispatcher.DispatchOperationRuntime: Void InvokeBegin(System.ServiceModel.Dispatcher.MessageRpc ByRef)
System.ServiceModel.Dispatcher.ImmutableDispatchRuntime: Void ProcessMessage5(System.ServiceModel.Dispatcher.MessageRpc ByRef)
System.ServiceModel.Dispatcher.ImmutableDispatchRuntime: Void ProcessMessage11(System.ServiceModel.Dispatcher.MessageRpc ByRef)
System.ServiceModel.Dispatcher.MessageRpc: Boolean Process(Boolean)
System.ServiceModel.Dispatcher.ChannelHandler: Boolean DispatchAndReleasePump(System.ServiceModel.Channels.RequestContext, Boolean, System.ServiceModel.OperationContext)
System.ServiceModel.Dispatcher.ChannelHandler: Boolean HandleRequest(System.ServiceModel.Channels.RequestContext, System.ServiceModel.OperationContext)
System.ServiceModel.Dispatcher.ChannelHandler: Void AsyncMessagePump(System.IAsyncResult)
System.ServiceModel.Dispatcher.ChannelHandler: Void OnAsyncReceiveComplete(System.IAsyncResult)
System.Runtime.Fx+AsyncThunk: Void UnhandledExceptionFrame(System.IAsyncResult)
Telerik.Sitefinity.Utilities.MS.ServiceModel.Web.AsyncResult: Void Complete(Boolean)
Telerik.Sitefinity.Utilities.MS.ServiceModel.Web.RequestInterceptorReplyChannelBase`1+TryReceiveRequestAsyncResult: Void InnerTryReceiveCallback(System.IAsyncResult)
System.Runtime.AsyncResult: Void Complete(Boolean)
System.Runtime.InputQueue`1+AsyncQueueReader: Void Set(Item)
System.Runtime.InputQueue`1: Void EnqueueAndDispatch(Item, Boolean)
System.Runtime.InputQueue`1: Void EnqueueAndDispatch(T, System.Action, Boolean)
System.ServiceModel.Channels.SingletonChannelAcceptor`3: Void Enqueue(QueueItemType, System.Action, Boolean)
System.ServiceModel.Channels.HttpPipeline+EnqueueMessageAsyncResult: Void CompleteParseAndEnqueue(System.IAsyncResult)
System.ServiceModel.Channels.HttpPipeline+EnqueueMessageAsyncResult: Boolean HandleParseIncomingMessage(System.IAsyncResult)
System.Runtime.AsyncResult: Void AsyncCompletionWrapperCallback(System.IAsyncResult)
System.Runtime.Fx+AsyncThunk: Void UnhandledExceptionFrame(System.IAsyncResult)
System.Runtime.AsyncResult: Void Complete(Boolean)
System.ServiceModel.Channels.HttpInput+ParseMessageAsyncResult: Void OnRead(System.IAsyncResult)
System.Runtime.Fx+AsyncThunk: Void UnhandledExceptionFrame(System.IAsyncResult)
System.Threading.ExecutionContext: Void RunInternal(System.Threading.ExecutionContext, System.Threading.ContextCallback, System.Object, Boolean)
System.Threading.ExecutionContext: Void Run(System.Threading.ExecutionContext, System.Threading.ContextCallback, System.Object, Boolean)
System.IO.Stream+ReadWriteTask: Void System.Threading.Tasks.ITaskCompletionAction.Invoke(System.Threading.Tasks.Task)
System.Threading.Tasks.Task: Void FinishContinuations()
System.Threading.Tasks.Task: Void Finish(Boolean)
System.Threading.Tasks.Task: Void ExecuteWithThreadLocal(System.Threading.Tasks.Task ByRef)
System.Threading.Tasks.Task: Boolean ExecuteEntry(Boolean)
System.Threading.ThreadPoolWorkQueue: Boolean Dispatch()'.


----------------------------------------
----------------------------------------
Timestamp: 7/24/2016 11:24:00 PM

Message: Shutting down threadpool...


----------------------------------------
----------------------------------------
Timestamp: 7/24/2016 11:24:00 PM

Message: Thread pool 'BackgroundTasksService': Shutdown of thread pool completed. All currently running threads will finish their work and stop.


----------------------------------------
----------------------------------------
Timestamp: 7/24/2016 11:24:00 PM

Message: WorkerThread is shut down


----------------------------------------
----------------------------------------
Timestamp: 7/24/2016 11:24:00 PM

Message: WorkerThread is shut down


----------------------------------------
----------------------------------------
Timestamp: 7/24/2016 11:24:00 PM

Message: Background task scheduler shut down


----------------------------------------
----------------------------------------
Timestamp: 7/24/2016 11:24:00 PM

Message: WorkerThread is shut down


----------------------------------------
----------------------------------------
Timestamp: 7/24/2016 11:24:00 PM

Message: WorkerThread is shut down


----------------------------------------
----------------------------------------
Timestamp: 7/24/2016 11:24:30 PM

Message: Shutting down threadpool...


----------------------------------------
----------------------------------------
Timestamp: 7/24/2016 11:24:30 PM

Message: Thread pool 'BackgroundTasksService': Shutdown of thread pool completed. Threads aborted.


----------------------------------------
